[22-Mar-2023 10:04:30 UTC] PHP Deprecated:  Methods with the same name as their class will not be constructors in a future version of PHP; WP_Categories_to_Tags has a deprecated constructor in D:\OpenServer\domains\makorrishon.loc\wp-content\plugins\wpcat2tag-importer\wpcat2tag-importer.php on line 31
[22-Mar-2023 10:04:47 UTC] PHP Deprecated:  query_string is <strong>deprecated</strong> since version 2.1.0! Use query_vars, request instead. in D:\OpenServer\domains\makorrishon.loc\wp-includes\functions.php on line 5586
[22-Mar-2023 10:04:51 UTC] PHP Notice:  Trying to access array offset on value of type bool in D:\OpenServer\domains\makorrishon.loc\wp-content\themes\jnews\class\Image\ImageLazyLoad.php on line 129
[22-Mar-2023 10:04:51 UTC] PHP Notice:  Trying to access array offset on value of type bool in D:\OpenServer\domains\makorrishon.loc\wp-content\themes\jnews\class\Image\ImageLazyLoad.php on line 129
[22-Mar-2023 10:04:51 UTC] PHP Notice:  Trying to access array offset on value of type bool in D:\OpenServer\domains\makorrishon.loc\wp-content\themes\jnews\class\Image\ImageLazyLoad.php on line 134
[22-Mar-2023 10:04:51 UTC] PHP Notice:  Trying to access array offset on value of type bool in D:\OpenServer\domains\makorrishon.loc\wp-content\themes\jnews\class\Image\ImageLazyLoad.php on line 134
[22-Mar-2023 10:04:52 UTC] PHP Notice:  Trying to access array offset on value of type bool in D:\OpenServer\domains\makorrishon.loc\wp-content\themes\jnews\class\Image\ImageLazyLoad.php on line 129
[22-Mar-2023 10:04:52 UTC] PHP Notice:  Trying to access array offset on value of type bool in D:\OpenServer\domains\makorrishon.loc\wp-content\themes\jnews\class\Image\ImageLazyLoad.php on line 129
[22-Mar-2023 10:04:52 UTC] PHP Notice:  Trying to access array offset on value of type bool in D:\OpenServer\domains\makorrishon.loc\wp-content\themes\jnews\class\Image\ImageLazyLoad.php on line 129
[22-Mar-2023 10:04:52 UTC] PHP Notice:  Trying to access array offset on value of type bool in D:\OpenServer\domains\makorrishon.loc\wp-content\themes\jnews\class\Image\ImageLazyLoad.php on line 129
[22-Mar-2023 10:04:52 UTC] PHP Notice:  Trying to access array offset on value of type bool in D:\OpenServer\domains\makorrishon.loc\wp-content\themes\jnews\class\Image\ImageLazyLoad.php on line 129
[22-Mar-2023 10:04:52 UTC] PHP Notice:  Trying to access array offset on value of type bool in D:\OpenServer\domains\makorrishon.loc\wp-content\themes\jnews\class\Image\ImageLazyLoad.php on line 129
[22-Mar-2023 10:08:15 UTC] PHP Deprecated:  Methods with the same name as their class will not be constructors in a future version of PHP; WP_Categories_to_Tags has a deprecated constructor in D:\OpenServer\domains\makorrishon.loc\wp-content\plugins\wpcat2tag-importer\wpcat2tag-importer.php on line 31
[22-Mar-2023 10:08:16 UTC] PHP Deprecated:  query_string is <strong>deprecated</strong> since version 2.1.0! Use query_vars, request instead. in D:\OpenServer\domains\makorrishon.loc\wp-includes\functions.php on line 5586
[22-Mar-2023 10:08:17 UTC] PHP Notice:  Trying to access array offset on value of type bool in D:\OpenServer\domains\makorrishon.loc\wp-content\themes\jnews\class\Image\ImageLazyLoad.php on line 129
[22-Mar-2023 10:08:17 UTC] PHP Notice:  Trying to access array offset on value of type bool in D:\OpenServer\domains\makorrishon.loc\wp-content\themes\jnews\class\Image\ImageLazyLoad.php on line 129
[22-Mar-2023 10:08:17 UTC] PHP Notice:  Trying to access array offset on value of type bool in D:\OpenServer\domains\makorrishon.loc\wp-content\themes\jnews\class\Image\ImageLazyLoad.php on line 134
[22-Mar-2023 10:08:17 UTC] PHP Notice:  Trying to access array offset on value of type bool in D:\OpenServer\domains\makorrishon.loc\wp-content\themes\jnews\class\Image\ImageLazyLoad.php on line 134
[22-Mar-2023 10:08:17 UTC] PHP Notice:  Trying to access array offset on value of type bool in D:\OpenServer\domains\makorrishon.loc\wp-content\themes\jnews\class\Image\ImageLazyLoad.php on line 129
[22-Mar-2023 10:08:17 UTC] PHP Notice:  Trying to access array offset on value of type bool in D:\OpenServer\domains\makorrishon.loc\wp-content\themes\jnews\class\Image\ImageLazyLoad.php on line 129
[22-Mar-2023 10:08:17 UTC] PHP Notice:  Trying to access array offset on value of type bool in D:\OpenServer\domains\makorrishon.loc\wp-content\themes\jnews\class\Image\ImageLazyLoad.php on line 129
[22-Mar-2023 10:08:17 UTC] PHP Notice:  Trying to access array offset on value of type bool in D:\OpenServer\domains\makorrishon.loc\wp-content\themes\jnews\class\Image\ImageLazyLoad.php on line 129
[22-Mar-2023 10:08:17 UTC] PHP Notice:  Trying to access array offset on value of type bool in D:\OpenServer\domains\makorrishon.loc\wp-content\themes\jnews\class\Image\ImageLazyLoad.php on line 129
[22-Mar-2023 10:08:17 UTC] PHP Notice:  Trying to access array offset on value of type bool in D:\OpenServer\domains\makorrishon.loc\wp-content\themes\jnews\class\Image\ImageLazyLoad.php on line 129
[22-Mar-2023 10:08:19 UTC] PHP Deprecated:  Methods with the same name as their class will not be constructors in a future version of PHP; WP_Categories_to_Tags has a deprecated constructor in D:\OpenServer\domains\makorrishon.loc\wp-content\plugins\wpcat2tag-importer\wpcat2tag-importer.php on line 31
[22-Mar-2023 10:08:20 UTC] PHP Deprecated:  query_string is <strong>deprecated</strong> since version 2.1.0! Use query_vars, request instead. in D:\OpenServer\domains\makorrishon.loc\wp-includes\functions.php on line 5586
[22-Mar-2023 10:08:21 UTC] PHP Notice:  Trying to access array offset on value of type bool in D:\OpenServer\domains\makorrishon.loc\wp-content\themes\jnews\class\Image\ImageLazyLoad.php on line 129
[22-Mar-2023 10:08:21 UTC] PHP Notice:  Trying to access array offset on value of type bool in D:\OpenServer\domains\makorrishon.loc\wp-content\themes\jnews\class\Image\ImageLazyLoad.php on line 129
[22-Mar-2023 10:08:21 UTC] PHP Notice:  Trying to access array offset on value of type bool in D:\OpenServer\domains\makorrishon.loc\wp-content\themes\jnews\class\Image\ImageLazyLoad.php on line 134
[22-Mar-2023 10:08:21 UTC] PHP Notice:  Trying to access array offset on value of type bool in D:\OpenServer\domains\makorrishon.loc\wp-content\themes\jnews\class\Image\ImageLazyLoad.php on line 134
[22-Mar-2023 10:08:21 UTC] PHP Notice:  Trying to access array offset on value of type bool in D:\OpenServer\domains\makorrishon.loc\wp-content\themes\jnews\class\Image\ImageLazyLoad.php on line 129
[22-Mar-2023 10:08:21 UTC] PHP Notice:  Trying to access array offset on value of type bool in D:\OpenServer\domains\makorrishon.loc\wp-content\themes\jnews\class\Image\ImageLazyLoad.php on line 129
[22-Mar-2023 10:08:21 UTC] PHP Notice:  Trying to access array offset on value of type bool in D:\OpenServer\domains\makorrishon.loc\wp-content\themes\jnews\class\Image\ImageLazyLoad.php on line 129
[22-Mar-2023 10:08:21 UTC] PHP Notice:  Trying to access array offset on value of type bool in D:\OpenServer\domains\makorrishon.loc\wp-content\themes\jnews\class\Image\ImageLazyLoad.php on line 129
[22-Mar-2023 10:08:21 UTC] PHP Notice:  Trying to access array offset on value of type bool in D:\OpenServer\domains\makorrishon.loc\wp-content\themes\jnews\class\Image\ImageLazyLoad.php on line 129
[22-Mar-2023 10:08:21 UTC] PHP Notice:  Trying to access array offset on value of type bool in D:\OpenServer\domains\makorrishon.loc\wp-content\themes\jnews\class\Image\ImageLazyLoad.php on line 129
[22-Mar-2023 10:10:32 UTC] PHP Deprecated:  Methods with the same name as their class will not be constructors in a future version of PHP; WP_Categories_to_Tags has a deprecated constructor in D:\OpenServer\domains\makorrishon.loc\wp-content\plugins\wpcat2tag-importer\wpcat2tag-importer.php on line 31
[22-Mar-2023 10:10:33 UTC] PHP Deprecated:  query_string is <strong>deprecated</strong> since version 2.1.0! Use query_vars, request instead. in D:\OpenServer\domains\makorrishon.loc\wp-includes\functions.php on line 5586
[22-Mar-2023 10:10:34 UTC] PHP Notice:  Trying to access array offset on value of type bool in D:\OpenServer\domains\makorrishon.loc\wp-content\themes\jnews\class\Image\ImageLazyLoad.php on line 129
[22-Mar-2023 10:10:34 UTC] PHP Notice:  Trying to access array offset on value of type bool in D:\OpenServer\domains\makorrishon.loc\wp-content\themes\jnews\class\Image\ImageLazyLoad.php on line 129
[22-Mar-2023 10:10:34 UTC] PHP Notice:  Trying to access array offset on value of type bool in D:\OpenServer\domains\makorrishon.loc\wp-content\themes\jnews\class\Image\ImageLazyLoad.php on line 134
[22-Mar-2023 10:10:34 UTC] PHP Notice:  Trying to access array offset on value of type bool in D:\OpenServer\domains\makorrishon.loc\wp-content\themes\jnews\class\Image\ImageLazyLoad.php on line 134
[22-Mar-2023 10:10:34 UTC] PHP Notice:  Trying to access array offset on value of type bool in D:\OpenServer\domains\makorrishon.loc\wp-content\themes\jnews\class\Image\ImageLazyLoad.php on line 129
[22-Mar-2023 10:10:34 UTC] PHP Notice:  Trying to access array offset on value of type bool in D:\OpenServer\domains\makorrishon.loc\wp-content\themes\jnews\class\Image\ImageLazyLoad.php on line 129
[22-Mar-2023 10:10:34 UTC] PHP Notice:  Trying to access array offset on value of type bool in D:\OpenServer\domains\makorrishon.loc\wp-content\themes\jnews\class\Image\ImageLazyLoad.php on line 129
[22-Mar-2023 10:10:34 UTC] PHP Notice:  Trying to access array offset on value of type bool in D:\OpenServer\domains\makorrishon.loc\wp-content\themes\jnews\class\Image\ImageLazyLoad.php on line 129
[22-Mar-2023 10:10:34 UTC] PHP Notice:  Trying to access array offset on value of type bool in D:\OpenServer\domains\makorrishon.loc\wp-content\themes\jnews\class\Image\ImageLazyLoad.php on line 129
[22-Mar-2023 10:10:34 UTC] PHP Notice:  Trying to access array offset on value of type bool in D:\OpenServer\domains\makorrishon.loc\wp-content\themes\jnews\class\Image\ImageLazyLoad.php on line 129
[22-Mar-2023 10:10:42 UTC] PHP Deprecated:  Methods with the same name as their class will not be constructors in a future version of PHP; WP_Categories_to_Tags has a deprecated constructor in D:\OpenServer\domains\makorrishon.loc\wp-content\plugins\wpcat2tag-importer\wpcat2tag-importer.php on line 31
[22-Mar-2023 10:11:09 UTC] PHP Deprecated:  Methods with the same name as their class will not be constructors in a future version of PHP; WP_Categories_to_Tags has a deprecated constructor in D:\OpenServer\domains\makorrishon.loc\wp-content\plugins\wpcat2tag-importer\wpcat2tag-importer.php on line 31
[22-Mar-2023 10:11:10 UTC] PHP Deprecated:  Methods with the same name as their class will not be constructors in a future version of PHP; WP_Categories_to_Tags has a deprecated constructor in D:\OpenServer\domains\makorrishon.loc\wp-content\plugins\wpcat2tag-importer\wpcat2tag-importer.php on line 31
[22-Mar-2023 10:11:36 UTC] PHP Deprecated:  Methods with the same name as their class will not be constructors in a future version of PHP; WP_Categories_to_Tags has a deprecated constructor in D:\OpenServer\domains\makorrishon.loc\wp-content\plugins\wpcat2tag-importer\wpcat2tag-importer.php on line 31
[22-Mar-2023 10:11:37 UTC] PHP Deprecated:  Methods with the same name as their class will not be constructors in a future version of PHP; WP_Categories_to_Tags has a deprecated constructor in D:\OpenServer\domains\makorrishon.loc\wp-content\plugins\wpcat2tag-importer\wpcat2tag-importer.php on line 31
[22-Mar-2023 10:11:40 UTC] PHP Deprecated:  Methods with the same name as their class will not be constructors in a future version of PHP; WP_Categories_to_Tags has a deprecated constructor in D:\OpenServer\domains\makorrishon.loc\wp-content\plugins\wpcat2tag-importer\wpcat2tag-importer.php on line 31
[22-Mar-2023 10:11:41 UTC] PHP Deprecated:  Methods with the same name as their class will not be constructors in a future version of PHP; WP_Categories_to_Tags has a deprecated constructor in D:\OpenServer\domains\makorrishon.loc\wp-content\plugins\wpcat2tag-importer\wpcat2tag-importer.php on line 31
[22-Mar-2023 10:11:47 UTC] PHP Deprecated:  Methods with the same name as their class will not be constructors in a future version of PHP; WP_Categories_to_Tags has a deprecated constructor in D:\OpenServer\domains\makorrishon.loc\wp-content\plugins\wpcat2tag-importer\wpcat2tag-importer.php on line 31
[22-Mar-2023 10:11:48 UTC] PHP Deprecated:  query_string is <strong>deprecated</strong> since version 2.1.0! Use query_vars, request instead. in D:\OpenServer\domains\makorrishon.loc\wp-includes\functions.php on line 5586
[22-Mar-2023 10:11:48 UTC] PHP Notice:  Trying to access array offset on value of type bool in D:\OpenServer\domains\makorrishon.loc\wp-content\themes\jnews\class\Image\ImageLazyLoad.php on line 129
[22-Mar-2023 10:11:48 UTC] PHP Notice:  Trying to access array offset on value of type bool in D:\OpenServer\domains\makorrishon.loc\wp-content\themes\jnews\class\Image\ImageLazyLoad.php on line 129
[22-Mar-2023 10:11:48 UTC] PHP Notice:  Trying to access array offset on value of type bool in D:\OpenServer\domains\makorrishon.loc\wp-content\themes\jnews\class\Image\ImageLazyLoad.php on line 134
[22-Mar-2023 10:11:48 UTC] PHP Notice:  Trying to access array offset on value of type bool in D:\OpenServer\domains\makorrishon.loc\wp-content\themes\jnews\class\Image\ImageLazyLoad.php on line 134
[22-Mar-2023 10:11:48 UTC] PHP Notice:  Trying to access array offset on value of type bool in D:\OpenServer\domains\makorrishon.loc\wp-content\themes\jnews\class\Image\ImageLazyLoad.php on line 129
[22-Mar-2023 10:11:48 UTC] PHP Notice:  Trying to access array offset on value of type bool in D:\OpenServer\domains\makorrishon.loc\wp-content\themes\jnews\class\Image\ImageLazyLoad.php on line 129
[22-Mar-2023 10:11:48 UTC] PHP Notice:  Trying to access array offset on value of type bool in D:\OpenServer\domains\makorrishon.loc\wp-content\themes\jnews\class\Image\ImageLazyLoad.php on line 129
[22-Mar-2023 10:11:48 UTC] PHP Notice:  Trying to access array offset on value of type bool in D:\OpenServer\domains\makorrishon.loc\wp-content\themes\jnews\class\Image\ImageLazyLoad.php on line 129
[22-Mar-2023 10:11:48 UTC] PHP Notice:  Trying to access array offset on value of type bool in D:\OpenServer\domains\makorrishon.loc\wp-content\themes\jnews\class\Image\ImageLazyLoad.php on line 129
[22-Mar-2023 10:11:48 UTC] PHP Notice:  Trying to access array offset on value of type bool in D:\OpenServer\domains\makorrishon.loc\wp-content\themes\jnews\class\Image\ImageLazyLoad.php on line 129
[22-Mar-2023 10:11:57 UTC] PHP Deprecated:  Methods with the same name as their class will not be constructors in a future version of PHP; WP_Categories_to_Tags has a deprecated constructor in D:\OpenServer\domains\makorrishon.loc\wp-content\plugins\wpcat2tag-importer\wpcat2tag-importer.php on line 31
[22-Mar-2023 10:11:57 UTC] PHP Deprecated:  Methods with the same name as their class will not be constructors in a future version of PHP; WP_Categories_to_Tags has a deprecated constructor in D:\OpenServer\domains\makorrishon.loc\wp-content\plugins\wpcat2tag-importer\wpcat2tag-importer.php on line 31
[22-Mar-2023 10:11:57 UTC] PHP Deprecated:  Methods with the same name as their class will not be constructors in a future version of PHP; WP_Categories_to_Tags has a deprecated constructor in D:\OpenServer\domains\makorrishon.loc\wp-content\plugins\wpcat2tag-importer\wpcat2tag-importer.php on line 31
[22-Mar-2023 10:11:59 UTC] PHP Deprecated:  Methods with the same name as their class will not be constructors in a future version of PHP; WP_Categories_to_Tags has a deprecated constructor in D:\OpenServer\domains\makorrishon.loc\wp-content\plugins\wpcat2tag-importer\wpcat2tag-importer.php on line 31
[22-Mar-2023 10:12:00 UTC] PHP Deprecated:  Methods with the same name as their class will not be constructors in a future version of PHP; WP_Categories_to_Tags has a deprecated constructor in D:\OpenServer\domains\makorrishon.loc\wp-content\plugins\wpcat2tag-importer\wpcat2tag-importer.php on line 31
[22-Mar-2023 10:12:01 UTC] PHP Deprecated:  Methods with the same name as their class will not be constructors in a future version of PHP; WP_Categories_to_Tags has a deprecated constructor in D:\OpenServer\domains\makorrishon.loc\wp-content\plugins\wpcat2tag-importer\wpcat2tag-importer.php on line 31
[22-Mar-2023 10:12:03 UTC] PHP Deprecated:  Methods with the same name as their class will not be constructors in a future version of PHP; WP_Categories_to_Tags has a deprecated constructor in D:\OpenServer\domains\makorrishon.loc\wp-content\plugins\wpcat2tag-importer\wpcat2tag-importer.php on line 31
[22-Mar-2023 10:12:04 UTC] PHP Deprecated:  Methods with the same name as their class will not be constructors in a future version of PHP; WP_Categories_to_Tags has a deprecated constructor in D:\OpenServer\domains\makorrishon.loc\wp-content\plugins\wpcat2tag-importer\wpcat2tag-importer.php on line 31
[22-Mar-2023 10:12:05 UTC] PHP Deprecated:  Methods with the same name as their class will not be constructors in a future version of PHP; WP_Categories_to_Tags has a deprecated constructor in D:\OpenServer\domains\makorrishon.loc\wp-content\plugins\wpcat2tag-importer\wpcat2tag-importer.php on line 31
[22-Mar-2023 10:12:10 UTC] PHP Deprecated:  Methods with the same name as their class will not be constructors in a future version of PHP; WP_Categories_to_Tags has a deprecated constructor in D:\OpenServer\domains\makorrishon.loc\wp-content\plugins\wpcat2tag-importer\wpcat2tag-importer.php on line 31
[22-Mar-2023 10:12:11 UTC] PHP Deprecated:  Methods with the same name as their class will not be constructors in a future version of PHP; WP_Categories_to_Tags has a deprecated constructor in D:\OpenServer\domains\makorrishon.loc\wp-content\plugins\wpcat2tag-importer\wpcat2tag-importer.php on line 31
[22-Mar-2023 10:12:12 UTC] PHP Deprecated:  Methods with the same name as their class will not be constructors in a future version of PHP; WP_Categories_to_Tags has a deprecated constructor in D:\OpenServer\domains\makorrishon.loc\wp-content\plugins\wpcat2tag-importer\wpcat2tag-importer.php on line 31
[22-Mar-2023 10:12:12 UTC] PHP Deprecated:  query_string is <strong>deprecated</strong> since version 2.1.0! Use query_vars, request instead. in D:\OpenServer\domains\makorrishon.loc\wp-includes\functions.php on line 5586
[22-Mar-2023 10:12:13 UTC] PHP Notice:  Trying to access array offset on value of type bool in D:\OpenServer\domains\makorrishon.loc\wp-content\themes\jnews\class\Image\ImageLazyLoad.php on line 129
[22-Mar-2023 10:12:13 UTC] PHP Notice:  Trying to access array offset on value of type bool in D:\OpenServer\domains\makorrishon.loc\wp-content\themes\jnews\class\Image\ImageLazyLoad.php on line 129
[22-Mar-2023 10:12:13 UTC] PHP Notice:  Trying to access array offset on value of type bool in D:\OpenServer\domains\makorrishon.loc\wp-content\themes\jnews\class\Image\ImageLazyLoad.php on line 134
[22-Mar-2023 10:12:13 UTC] PHP Notice:  Trying to access array offset on value of type bool in D:\OpenServer\domains\makorrishon.loc\wp-content\themes\jnews\class\Image\ImageLazyLoad.php on line 134
[22-Mar-2023 10:12:13 UTC] PHP Notice:  Trying to access array offset on value of type bool in D:\OpenServer\domains\makorrishon.loc\wp-content\themes\jnews\class\Image\ImageLazyLoad.php on line 129
[22-Mar-2023 10:12:13 UTC] PHP Notice:  Trying to access array offset on value of type bool in D:\OpenServer\domains\makorrishon.loc\wp-content\themes\jnews\class\Image\ImageLazyLoad.php on line 129
[22-Mar-2023 10:12:15 UTC] PHP Notice:  Trying to access array offset on value of type bool in D:\OpenServer\domains\makorrishon.loc\wp-content\themes\jnews\class\Image\ImageLazyLoad.php on line 129
[22-Mar-2023 10:12:15 UTC] PHP Notice:  Trying to access array offset on value of type bool in D:\OpenServer\domains\makorrishon.loc\wp-content\themes\jnews\class\Image\ImageLazyLoad.php on line 129
[22-Mar-2023 10:12:15 UTC] PHP Notice:  Trying to access array offset on value of type bool in D:\OpenServer\domains\makorrishon.loc\wp-content\themes\jnews\class\Image\ImageLazyLoad.php on line 129
[22-Mar-2023 10:12:15 UTC] PHP Notice:  Trying to access array offset on value of type bool in D:\OpenServer\domains\makorrishon.loc\wp-content\themes\jnews\class\Image\ImageLazyLoad.php on line 129
[22-Mar-2023 10:14:29 UTC] PHP Deprecated:  Methods with the same name as their class will not be constructors in a future version of PHP; WP_Categories_to_Tags has a deprecated constructor in D:\OpenServer\domains\www.makorrishon.loc\wp-content\plugins\wpcat2tag-importer\wpcat2tag-importer.php on line 31
[22-Mar-2023 10:14:31 UTC] PHP Deprecated:  query_string is <strong>deprecated</strong> since version 2.1.0! Use query_vars, request instead. in D:\OpenServer\domains\www.makorrishon.loc\wp-includes\functions.php on line 5586
[22-Mar-2023 10:14:32 UTC] PHP Notice:  Trying to access array offset on value of type bool in D:\OpenServer\domains\www.makorrishon.loc\wp-content\themes\jnews\class\Image\ImageLazyLoad.php on line 129
[22-Mar-2023 10:14:32 UTC] PHP Notice:  Trying to access array offset on value of type bool in D:\OpenServer\domains\www.makorrishon.loc\wp-content\themes\jnews\class\Image\ImageLazyLoad.php on line 129
[22-Mar-2023 10:14:32 UTC] PHP Notice:  Trying to access array offset on value of type bool in D:\OpenServer\domains\www.makorrishon.loc\wp-content\themes\jnews\class\Image\ImageLazyLoad.php on line 134
[22-Mar-2023 10:14:32 UTC] PHP Notice:  Trying to access array offset on value of type bool in D:\OpenServer\domains\www.makorrishon.loc\wp-content\themes\jnews\class\Image\ImageLazyLoad.php on line 134
[22-Mar-2023 10:14:32 UTC] PHP Notice:  Trying to access array offset on value of type bool in D:\OpenServer\domains\www.makorrishon.loc\wp-content\themes\jnews\class\Image\ImageLazyLoad.php on line 129
[22-Mar-2023 10:14:32 UTC] PHP Notice:  Trying to access array offset on value of type bool in D:\OpenServer\domains\www.makorrishon.loc\wp-content\themes\jnews\class\Image\ImageLazyLoad.php on line 129
[22-Mar-2023 10:14:33 UTC] PHP Notice:  Trying to access array offset on value of type bool in D:\OpenServer\domains\www.makorrishon.loc\wp-content\themes\jnews\class\Image\ImageLazyLoad.php on line 129
[22-Mar-2023 10:14:33 UTC] PHP Notice:  Trying to access array offset on value of type bool in D:\OpenServer\domains\www.makorrishon.loc\wp-content\themes\jnews\class\Image\ImageLazyLoad.php on line 129
[22-Mar-2023 10:14:33 UTC] PHP Notice:  Trying to access array offset on value of type bool in D:\OpenServer\domains\www.makorrishon.loc\wp-content\themes\jnews\class\Image\ImageLazyLoad.php on line 129
[22-Mar-2023 10:14:33 UTC] PHP Notice:  Trying to access array offset on value of type bool in D:\OpenServer\domains\www.makorrishon.loc\wp-content\themes\jnews\class\Image\ImageLazyLoad.php on line 129
[22-Mar-2023 10:14:58 UTC] PHP Deprecated:  Methods with the same name as their class will not be constructors in a future version of PHP; WP_Categories_to_Tags has a deprecated constructor in D:\OpenServer\domains\www.makorrishon.loc\wp-content\plugins\wpcat2tag-importer\wpcat2tag-importer.php on line 31
[22-Mar-2023 10:14:59 UTC] PHP Deprecated:  query_string is <strong>deprecated</strong> since version 2.1.0! Use query_vars, request instead. in D:\OpenServer\domains\www.makorrishon.loc\wp-includes\functions.php on line 5586
[22-Mar-2023 10:14:59 UTC] PHP Notice:  Trying to access array offset on value of type bool in D:\OpenServer\domains\www.makorrishon.loc\wp-content\themes\jnews\class\Image\ImageLazyLoad.php on line 129
[22-Mar-2023 10:14:59 UTC] PHP Notice:  Trying to access array offset on value of type bool in D:\OpenServer\domains\www.makorrishon.loc\wp-content\themes\jnews\class\Image\ImageLazyLoad.php on line 129
[22-Mar-2023 10:14:59 UTC] PHP Notice:  Trying to access array offset on value of type bool in D:\OpenServer\domains\www.makorrishon.loc\wp-content\themes\jnews\class\Image\ImageLazyLoad.php on line 134
[22-Mar-2023 10:14:59 UTC] PHP Notice:  Trying to access array offset on value of type bool in D:\OpenServer\domains\www.makorrishon.loc\wp-content\themes\jnews\class\Image\ImageLazyLoad.php on line 134
[22-Mar-2023 10:14:59 UTC] PHP Notice:  Trying to access array offset on value of type bool in D:\OpenServer\domains\www.makorrishon.loc\wp-content\themes\jnews\class\Image\ImageLazyLoad.php on line 129
[22-Mar-2023 10:14:59 UTC] PHP Notice:  Trying to access array offset on value of type bool in D:\OpenServer\domains\www.makorrishon.loc\wp-content\themes\jnews\class\Image\ImageLazyLoad.php on line 129
[22-Mar-2023 10:14:59 UTC] PHP Notice:  Trying to access array offset on value of type bool in D:\OpenServer\domains\www.makorrishon.loc\wp-content\themes\jnews\class\Image\ImageLazyLoad.php on line 129
[22-Mar-2023 10:14:59 UTC] PHP Notice:  Trying to access array offset on value of type bool in D:\OpenServer\domains\www.makorrishon.loc\wp-content\themes\jnews\class\Image\ImageLazyLoad.php on line 129
[22-Mar-2023 10:14:59 UTC] PHP Notice:  Trying to access array offset on value of type bool in D:\OpenServer\domains\www.makorrishon.loc\wp-content\themes\jnews\class\Image\ImageLazyLoad.php on line 129
[22-Mar-2023 10:14:59 UTC] PHP Notice:  Trying to access array offset on value of type bool in D:\OpenServer\domains\www.makorrishon.loc\wp-content\themes\jnews\class\Image\ImageLazyLoad.php on line 129
[22-Mar-2023 10:15:06 UTC] PHP Deprecated:  Methods with the same name as their class will not be constructors in a future version of PHP; WP_Categories_to_Tags has a deprecated constructor in D:\OpenServer\domains\www.makorrishon.loc\wp-content\plugins\wpcat2tag-importer\wpcat2tag-importer.php on line 31
[22-Mar-2023 10:15:07 UTC] PHP Deprecated:  query_string is <strong>deprecated</strong> since version 2.1.0! Use query_vars, request instead. in D:\OpenServer\domains\www.makorrishon.loc\wp-includes\functions.php on line 5586
[22-Mar-2023 10:15:08 UTC] PHP Notice:  Trying to access array offset on value of type bool in D:\OpenServer\domains\www.makorrishon.loc\wp-content\themes\jnews\class\Image\ImageLazyLoad.php on line 129
[22-Mar-2023 10:15:08 UTC] PHP Notice:  Trying to access array offset on value of type bool in D:\OpenServer\domains\www.makorrishon.loc\wp-content\themes\jnews\class\Image\ImageLazyLoad.php on line 129
[22-Mar-2023 10:15:08 UTC] PHP Notice:  Trying to access array offset on value of type bool in D:\OpenServer\domains\www.makorrishon.loc\wp-content\themes\jnews\class\Image\ImageLazyLoad.php on line 134
[22-Mar-2023 10:15:08 UTC] PHP Notice:  Trying to access array offset on value of type bool in D:\OpenServer\domains\www.makorrishon.loc\wp-content\themes\jnews\class\Image\ImageLazyLoad.php on line 134
[22-Mar-2023 10:15:08 UTC] PHP Notice:  Trying to access array offset on value of type bool in D:\OpenServer\domains\www.makorrishon.loc\wp-content\themes\jnews\class\Image\ImageLazyLoad.php on line 129
[22-Mar-2023 10:15:08 UTC] PHP Notice:  Trying to access array offset on value of type bool in D:\OpenServer\domains\www.makorrishon.loc\wp-content\themes\jnews\class\Image\ImageLazyLoad.php on line 129
[22-Mar-2023 10:15:08 UTC] PHP Notice:  Trying to access array offset on value of type bool in D:\OpenServer\domains\www.makorrishon.loc\wp-content\themes\jnews\class\Image\ImageLazyLoad.php on line 129
[22-Mar-2023 10:15:08 UTC] PHP Notice:  Trying to access array offset on value of type bool in D:\OpenServer\domains\www.makorrishon.loc\wp-content\themes\jnews\class\Image\ImageLazyLoad.php on line 129
[22-Mar-2023 10:15:08 UTC] PHP Notice:  Trying to access array offset on value of type bool in D:\OpenServer\domains\www.makorrishon.loc\wp-content\themes\jnews\class\Image\ImageLazyLoad.php on line 129
[22-Mar-2023 10:15:08 UTC] PHP Notice:  Trying to access array offset on value of type bool in D:\OpenServer\domains\www.makorrishon.loc\wp-content\themes\jnews\class\Image\ImageLazyLoad.php on line 129
[22-Mar-2023 10:17:17 UTC] PHP Deprecated:  Methods with the same name as their class will not be constructors in a future version of PHP; WP_Categories_to_Tags has a deprecated constructor in D:\OpenServer\domains\www.makorrishon.loc\wp-content\plugins\wpcat2tag-importer\wpcat2tag-importer.php on line 31
[22-Mar-2023 10:17:17 UTC] PHP Deprecated:  query_string is <strong>deprecated</strong> since version 2.1.0! Use query_vars, request instead. in D:\OpenServer\domains\www.makorrishon.loc\wp-includes\functions.php on line 5586
[22-Mar-2023 10:17:18 UTC] PHP Notice:  Trying to access array offset on value of type bool in D:\OpenServer\domains\www.makorrishon.loc\wp-content\themes\jnews\class\Image\ImageLazyLoad.php on line 129
[22-Mar-2023 10:17:18 UTC] PHP Notice:  Trying to access array offset on value of type bool in D:\OpenServer\domains\www.makorrishon.loc\wp-content\themes\jnews\class\Image\ImageLazyLoad.php on line 129
[22-Mar-2023 10:17:18 UTC] PHP Notice:  Trying to access array offset on value of type bool in D:\OpenServer\domains\www.makorrishon.loc\wp-content\themes\jnews\class\Image\ImageLazyLoad.php on line 134
[22-Mar-2023 10:17:18 UTC] PHP Notice:  Trying to access array offset on value of type bool in D:\OpenServer\domains\www.makorrishon.loc\wp-content\themes\jnews\class\Image\ImageLazyLoad.php on line 134
[22-Mar-2023 10:17:18 UTC] PHP Notice:  Trying to access array offset on value of type bool in D:\OpenServer\domains\www.makorrishon.loc\wp-content\themes\jnews\class\Image\ImageLazyLoad.php on line 129
[22-Mar-2023 10:17:18 UTC] PHP Notice:  Trying to access array offset on value of type bool in D:\OpenServer\domains\www.makorrishon.loc\wp-content\themes\jnews\class\Image\ImageLazyLoad.php on line 129
[22-Mar-2023 10:17:18 UTC] PHP Notice:  Trying to access array offset on value of type bool in D:\OpenServer\domains\www.makorrishon.loc\wp-content\themes\jnews\class\Image\ImageLazyLoad.php on line 129
[22-Mar-2023 10:17:18 UTC] PHP Notice:  Trying to access array offset on value of type bool in D:\OpenServer\domains\www.makorrishon.loc\wp-content\themes\jnews\class\Image\ImageLazyLoad.php on line 129
[22-Mar-2023 10:17:18 UTC] PHP Notice:  Trying to access array offset on value of type bool in D:\OpenServer\domains\www.makorrishon.loc\wp-content\themes\jnews\class\Image\ImageLazyLoad.php on line 129
[22-Mar-2023 10:17:18 UTC] PHP Notice:  Trying to access array offset on value of type bool in D:\OpenServer\domains\www.makorrishon.loc\wp-content\themes\jnews\class\Image\ImageLazyLoad.php on line 129
[22-Mar-2023 10:18:31 UTC] PHP Deprecated:  Methods with the same name as their class will not be constructors in a future version of PHP; WP_Categories_to_Tags has a deprecated constructor in D:\OpenServer\domains\www.makorrishon.loc\wp-content\plugins\wpcat2tag-importer\wpcat2tag-importer.php on line 31
[22-Mar-2023 10:18:32 UTC] PHP Deprecated:  Methods with the same name as their class will not be constructors in a future version of PHP; WP_Categories_to_Tags has a deprecated constructor in D:\OpenServer\domains\www.makorrishon.loc\wp-content\plugins\wpcat2tag-importer\wpcat2tag-importer.php on line 31
[22-Mar-2023 10:19:38 UTC] PHP Deprecated:  Methods with the same name as their class will not be constructors in a future version of PHP; WP_Categories_to_Tags has a deprecated constructor in D:\OpenServer\domains\www.makorrishon.loc\wp-content\plugins\wpcat2tag-importer\wpcat2tag-importer.php on line 31
[22-Mar-2023 10:19:39 UTC] PHP Deprecated:  Methods with the same name as their class will not be constructors in a future version of PHP; WP_Categories_to_Tags has a deprecated constructor in D:\OpenServer\domains\www.makorrishon.loc\wp-content\plugins\wpcat2tag-importer\wpcat2tag-importer.php on line 31
[22-Mar-2023 10:20:16 UTC] PHP Deprecated:  Methods with the same name as their class will not be constructors in a future version of PHP; WP_Categories_to_Tags has a deprecated constructor in D:\OpenServer\domains\www.makorrishon.loc\wp-content\plugins\wpcat2tag-importer\wpcat2tag-importer.php on line 31
[22-Mar-2023 10:20:17 UTC] PHP Deprecated:  query_string is <strong>deprecated</strong> since version 2.1.0! Use query_vars, request instead. in D:\OpenServer\domains\www.makorrishon.loc\wp-includes\functions.php on line 5586
[22-Mar-2023 10:20:18 UTC] PHP Notice:  Trying to access array offset on value of type bool in D:\OpenServer\domains\www.makorrishon.loc\wp-content\themes\jnews\class\Image\ImageLazyLoad.php on line 129
[22-Mar-2023 10:20:18 UTC] PHP Notice:  Trying to access array offset on value of type bool in D:\OpenServer\domains\www.makorrishon.loc\wp-content\themes\jnews\class\Image\ImageLazyLoad.php on line 129
[22-Mar-2023 10:20:18 UTC] PHP Notice:  Trying to access array offset on value of type bool in D:\OpenServer\domains\www.makorrishon.loc\wp-content\themes\jnews\class\Image\ImageLazyLoad.php on line 134
[22-Mar-2023 10:20:18 UTC] PHP Notice:  Trying to access array offset on value of type bool in D:\OpenServer\domains\www.makorrishon.loc\wp-content\themes\jnews\class\Image\ImageLazyLoad.php on line 134
[22-Mar-2023 10:20:18 UTC] PHP Notice:  Trying to access array offset on value of type bool in D:\OpenServer\domains\www.makorrishon.loc\wp-content\themes\jnews\class\Image\ImageLazyLoad.php on line 129
[22-Mar-2023 10:20:18 UTC] PHP Notice:  Trying to access array offset on value of type bool in D:\OpenServer\domains\www.makorrishon.loc\wp-content\themes\jnews\class\Image\ImageLazyLoad.php on line 129
[22-Mar-2023 10:20:18 UTC] PHP Notice:  Trying to access array offset on value of type bool in D:\OpenServer\domains\www.makorrishon.loc\wp-content\themes\jnews\class\Image\ImageLazyLoad.php on line 129
[22-Mar-2023 10:20:18 UTC] PHP Notice:  Trying to access array offset on value of type bool in D:\OpenServer\domains\www.makorrishon.loc\wp-content\themes\jnews\class\Image\ImageLazyLoad.php on line 129
[22-Mar-2023 10:20:18 UTC] PHP Notice:  Trying to access array offset on value of type bool in D:\OpenServer\domains\www.makorrishon.loc\wp-content\themes\jnews\class\Image\ImageLazyLoad.php on line 129
[22-Mar-2023 10:20:18 UTC] PHP Notice:  Trying to access array offset on value of type bool in D:\OpenServer\domains\www.makorrishon.loc\wp-content\themes\jnews\class\Image\ImageLazyLoad.php on line 129
[22-Mar-2023 10:32:51 UTC] PHP Deprecated:  Methods with the same name as their class will not be constructors in a future version of PHP; WP_Categories_to_Tags has a deprecated constructor in D:\OpenServer\domains\www.makorrishon.loc\wp-content\plugins\wpcat2tag-importer\wpcat2tag-importer.php on line 31
[22-Mar-2023 10:32:52 UTC] PHP Deprecated:  query_string is <strong>deprecated</strong> since version 2.1.0! Use query_vars, request instead. in D:\OpenServer\domains\www.makorrishon.loc\wp-includes\functions.php on line 5586
[22-Mar-2023 10:32:53 UTC] PHP Notice:  Trying to access array offset on value of type bool in D:\OpenServer\domains\www.makorrishon.loc\wp-content\themes\jnews\class\Image\ImageLazyLoad.php on line 129
[22-Mar-2023 10:32:53 UTC] PHP Notice:  Trying to access array offset on value of type bool in D:\OpenServer\domains\www.makorrishon.loc\wp-content\themes\jnews\class\Image\ImageLazyLoad.php on line 129
[22-Mar-2023 10:32:53 UTC] PHP Notice:  Trying to access array offset on value of type bool in D:\OpenServer\domains\www.makorrishon.loc\wp-content\themes\jnews\class\Image\ImageLazyLoad.php on line 134
[22-Mar-2023 10:32:53 UTC] PHP Notice:  Trying to access array offset on value of type bool in D:\OpenServer\domains\www.makorrishon.loc\wp-content\themes\jnews\class\Image\ImageLazyLoad.php on line 134
[22-Mar-2023 10:32:53 UTC] PHP Notice:  Trying to access array offset on value of type bool in D:\OpenServer\domains\www.makorrishon.loc\wp-content\themes\jnews\class\Image\ImageLazyLoad.php on line 129
[22-Mar-2023 10:32:53 UTC] PHP Notice:  Trying to access array offset on value of type bool in D:\OpenServer\domains\www.makorrishon.loc\wp-content\themes\jnews\class\Image\ImageLazyLoad.php on line 129
[22-Mar-2023 10:32:53 UTC] PHP Notice:  Trying to access array offset on value of type bool in D:\OpenServer\domains\www.makorrishon.loc\wp-content\themes\jnews\class\Image\ImageLazyLoad.php on line 129
[22-Mar-2023 10:32:53 UTC] PHP Notice:  Trying to access array offset on value of type bool in D:\OpenServer\domains\www.makorrishon.loc\wp-content\themes\jnews\class\Image\ImageLazyLoad.php on line 129
[22-Mar-2023 10:32:53 UTC] PHP Notice:  Trying to access array offset on value of type bool in D:\OpenServer\domains\www.makorrishon.loc\wp-content\themes\jnews\class\Image\ImageLazyLoad.php on line 129
[22-Mar-2023 10:32:53 UTC] PHP Notice:  Trying to access array offset on value of type bool in D:\OpenServer\domains\www.makorrishon.loc\wp-content\themes\jnews\class\Image\ImageLazyLoad.php on line 129
[22-Mar-2023 10:36:52 UTC] PHP Deprecated:  Methods with the same name as their class will not be constructors in a future version of PHP; WP_Categories_to_Tags has a deprecated constructor in D:\OpenServer\domains\www.makorrishon.loc\wp-content\plugins\wpcat2tag-importer\wpcat2tag-importer.php on line 31
[22-Mar-2023 10:36:53 UTC] PHP Deprecated:  query_string is <strong>deprecated</strong> since version 2.1.0! Use query_vars, request instead. in D:\OpenServer\domains\www.makorrishon.loc\wp-includes\functions.php on line 5586
[22-Mar-2023 10:36:54 UTC] PHP Notice:  Trying to access array offset on value of type bool in D:\OpenServer\domains\www.makorrishon.loc\wp-content\themes\jnews\class\Image\ImageLazyLoad.php on line 129
[22-Mar-2023 10:36:54 UTC] PHP Notice:  Trying to access array offset on value of type bool in D:\OpenServer\domains\www.makorrishon.loc\wp-content\themes\jnews\class\Image\ImageLazyLoad.php on line 129
[22-Mar-2023 10:36:54 UTC] PHP Notice:  Trying to access array offset on value of type bool in D:\OpenServer\domains\www.makorrishon.loc\wp-content\themes\jnews\class\Image\ImageLazyLoad.php on line 134
[22-Mar-2023 10:36:54 UTC] PHP Notice:  Trying to access array offset on value of type bool in D:\OpenServer\domains\www.makorrishon.loc\wp-content\themes\jnews\class\Image\ImageLazyLoad.php on line 134
[22-Mar-2023 10:36:54 UTC] PHP Notice:  Trying to access array offset on value of type bool in D:\OpenServer\domains\www.makorrishon.loc\wp-content\themes\jnews\class\Image\ImageLazyLoad.php on line 129
[22-Mar-2023 10:36:54 UTC] PHP Notice:  Trying to access array offset on value of type bool in D:\OpenServer\domains\www.makorrishon.loc\wp-content\themes\jnews\class\Image\ImageLazyLoad.php on line 129
[22-Mar-2023 10:36:54 UTC] PHP Notice:  Trying to access array offset on value of type bool in D:\OpenServer\domains\www.makorrishon.loc\wp-content\themes\jnews\class\Image\ImageLazyLoad.php on line 129
[22-Mar-2023 10:36:54 UTC] PHP Notice:  Trying to access array offset on value of type bool in D:\OpenServer\domains\www.makorrishon.loc\wp-content\themes\jnews\class\Image\ImageLazyLoad.php on line 129
[22-Mar-2023 10:36:54 UTC] PHP Notice:  Trying to access array offset on value of type bool in D:\OpenServer\domains\www.makorrishon.loc\wp-content\themes\jnews\class\Image\ImageLazyLoad.php on line 129
[22-Mar-2023 10:36:54 UTC] PHP Notice:  Trying to access array offset on value of type bool in D:\OpenServer\domains\www.makorrishon.loc\wp-content\themes\jnews\class\Image\ImageLazyLoad.php on line 129
[22-Mar-2023 10:38:50 UTC] PHP Deprecated:  Methods with the same name as their class will not be constructors in a future version of PHP; WP_Categories_to_Tags has a deprecated constructor in D:\OpenServer\domains\www.makorrishon.loc\wp-content\plugins\wpcat2tag-importer\wpcat2tag-importer.php on line 31
[22-Mar-2023 10:38:55 UTC] PHP Deprecated:  Methods with the same name as their class will not be constructors in a future version of PHP; WP_Categories_to_Tags has a deprecated constructor in D:\OpenServer\domains\www.makorrishon.loc\wp-content\plugins\wpcat2tag-importer\wpcat2tag-importer.php on line 31
[22-Mar-2023 10:39:56 UTC] PHP Deprecated:  Methods with the same name as their class will not be constructors in a future version of PHP; WP_Categories_to_Tags has a deprecated constructor in D:\OpenServer\domains\www.makorrishon.loc\wp-content\plugins\wpcat2tag-importer\wpcat2tag-importer.php on line 31
[22-Mar-2023 10:40:56 UTC] PHP Deprecated:  Methods with the same name as their class will not be constructors in a future version of PHP; WP_Categories_to_Tags has a deprecated constructor in D:\OpenServer\domains\www.makorrishon.loc\wp-content\plugins\wpcat2tag-importer\wpcat2tag-importer.php on line 31
[23-Mar-2023 09:33:05 UTC] PHP Deprecated:  Methods with the same name as their class will not be constructors in a future version of PHP; WP_Categories_to_Tags has a deprecated constructor in D:\OpenServer\domains\www.makorrishon.loc\wp-content\plugins\wpcat2tag-importer\wpcat2tag-importer.php on line 31
[23-Mar-2023 09:33:19 UTC] PHP Deprecated:  query_string is <strong>deprecated</strong> since version 2.1.0! Use query_vars, request instead. in D:\OpenServer\domains\www.makorrishon.loc\wp-includes\functions.php on line 5586
[23-Mar-2023 09:34:16 UTC] PHP Deprecated:  Methods with the same name as their class will not be constructors in a future version of PHP; WP_Categories_to_Tags has a deprecated constructor in D:\OpenServer\domains\makorrishon.loc\wp-content\plugins\wpcat2tag-importer\wpcat2tag-importer.php on line 31
[23-Mar-2023 09:34:18 UTC] PHP Deprecated:  query_string is <strong>deprecated</strong> since version 2.1.0! Use query_vars, request instead. in D:\OpenServer\domains\makorrishon.loc\wp-includes\functions.php on line 5586
[23-Mar-2023 09:34:20 UTC] PHP Notice:  Trying to access array offset on value of type bool in D:\OpenServer\domains\makorrishon.loc\wp-content\themes\jnews\class\Image\ImageLazyLoad.php on line 129
[23-Mar-2023 09:34:20 UTC] PHP Notice:  Trying to access array offset on value of type bool in D:\OpenServer\domains\makorrishon.loc\wp-content\themes\jnews\class\Image\ImageLazyLoad.php on line 129
[23-Mar-2023 09:34:20 UTC] PHP Notice:  Trying to access array offset on value of type bool in D:\OpenServer\domains\makorrishon.loc\wp-content\themes\jnews\class\Image\ImageLazyLoad.php on line 134
[23-Mar-2023 09:34:20 UTC] PHP Notice:  Trying to access array offset on value of type bool in D:\OpenServer\domains\makorrishon.loc\wp-content\themes\jnews\class\Image\ImageLazyLoad.php on line 134
[23-Mar-2023 09:34:21 UTC] PHP Notice:  Trying to access array offset on value of type bool in D:\OpenServer\domains\makorrishon.loc\wp-content\themes\jnews\class\Image\ImageLazyLoad.php on line 129
[23-Mar-2023 09:34:21 UTC] PHP Notice:  Trying to access array offset on value of type bool in D:\OpenServer\domains\makorrishon.loc\wp-content\themes\jnews\class\Image\ImageLazyLoad.php on line 129
[23-Mar-2023 09:34:22 UTC] PHP Notice:  Trying to access array offset on value of type bool in D:\OpenServer\domains\makorrishon.loc\wp-content\themes\jnews\class\Image\ImageLazyLoad.php on line 129
[23-Mar-2023 09:34:22 UTC] PHP Notice:  Trying to access array offset on value of type bool in D:\OpenServer\domains\makorrishon.loc\wp-content\themes\jnews\class\Image\ImageLazyLoad.php on line 129
[23-Mar-2023 09:34:22 UTC] PHP Notice:  Trying to access array offset on value of type bool in D:\OpenServer\domains\makorrishon.loc\wp-content\themes\jnews\class\Image\ImageLazyLoad.php on line 129
[23-Mar-2023 09:34:22 UTC] PHP Notice:  Trying to access array offset on value of type bool in D:\OpenServer\domains\makorrishon.loc\wp-content\themes\jnews\class\Image\ImageLazyLoad.php on line 129
[23-Mar-2023 10:04:24 UTC] PHP Deprecated:  Methods with the same name as their class will not be constructors in a future version of PHP; WP_Categories_to_Tags has a deprecated constructor in D:\OpenServer\domains\makorrishon.loc\wp-content\plugins\wpcat2tag-importer\wpcat2tag-importer.php on line 31
[23-Mar-2023 10:04:25 UTC] PHP Deprecated:  query_string is <strong>deprecated</strong> since version 2.1.0! Use query_vars, request instead. in D:\OpenServer\domains\makorrishon.loc\wp-includes\functions.php on line 5586
[23-Mar-2023 10:04:26 UTC] PHP Notice:  Trying to access array offset on value of type bool in D:\OpenServer\domains\makorrishon.loc\wp-content\themes\jnews\class\Image\ImageLazyLoad.php on line 129
[23-Mar-2023 10:04:26 UTC] PHP Notice:  Trying to access array offset on value of type bool in D:\OpenServer\domains\makorrishon.loc\wp-content\themes\jnews\class\Image\ImageLazyLoad.php on line 129
[23-Mar-2023 10:04:26 UTC] PHP Notice:  Trying to access array offset on value of type bool in D:\OpenServer\domains\makorrishon.loc\wp-content\themes\jnews\class\Image\ImageLazyLoad.php on line 134
[23-Mar-2023 10:04:26 UTC] PHP Notice:  Trying to access array offset on value of type bool in D:\OpenServer\domains\makorrishon.loc\wp-content\themes\jnews\class\Image\ImageLazyLoad.php on line 134
[23-Mar-2023 10:04:26 UTC] PHP Notice:  Trying to access array offset on value of type bool in D:\OpenServer\domains\makorrishon.loc\wp-content\themes\jnews\class\Image\ImageLazyLoad.php on line 129
[23-Mar-2023 10:04:26 UTC] PHP Notice:  Trying to access array offset on value of type bool in D:\OpenServer\domains\makorrishon.loc\wp-content\themes\jnews\class\Image\ImageLazyLoad.php on line 129
[23-Mar-2023 10:04:26 UTC] PHP Notice:  Trying to access array offset on value of type bool in D:\OpenServer\domains\makorrishon.loc\wp-content\themes\jnews\class\Image\ImageLazyLoad.php on line 129
[23-Mar-2023 10:04:26 UTC] PHP Notice:  Trying to access array offset on value of type bool in D:\OpenServer\domains\makorrishon.loc\wp-content\themes\jnews\class\Image\ImageLazyLoad.php on line 129
[23-Mar-2023 10:04:26 UTC] PHP Notice:  Trying to access array offset on value of type bool in D:\OpenServer\domains\makorrishon.loc\wp-content\themes\jnews\class\Image\ImageLazyLoad.php on line 129
[23-Mar-2023 10:04:26 UTC] PHP Notice:  Trying to access array offset on value of type bool in D:\OpenServer\domains\makorrishon.loc\wp-content\themes\jnews\class\Image\ImageLazyLoad.php on line 129
[23-Mar-2023 10:34:28 UTC] PHP Deprecated:  Methods with the same name as their class will not be constructors in a future version of PHP; WP_Categories_to_Tags has a deprecated constructor in D:\OpenServer\domains\makorrishon.loc\wp-content\plugins\wpcat2tag-importer\wpcat2tag-importer.php on line 31
[23-Mar-2023 10:34:28 UTC] PHP Warning:  mysqli_query(): (HY000/3): Error writing file 'd:\openserver\userdata\temp\MYF6B6.tmp' (Errcode: 28 - No space left on device) in D:\OpenServer\domains\makorrishon.loc\wp-includes\wp-db.php on line 2056
[23-Mar-2023 10:34:28 UTC] WordPress database error Error writing file 'd:\openserver\userdata\temp\MYF6B6.tmp' (Errcode: 28 - No space left on device) for query SELECT  t.*, tt.* FROM wp_terms AS t  INNER JOIN wp_term_taxonomy AS tt ON t.term_id = tt.term_id  ORDER BY t.name ASC  made by require('wp-blog-header.php'), require_once('wp-load.php'), require_once('wp-config.php'), require_once('wp-settings.php'), do_action('init'), WP_Hook->do_action, WP_Hook->apply_filters, sgpb\Actions->postTypeInit, sgpb\RegisterPostType->__construct, SgpbDataConfig::init, SgpbDataConfig::conditionInit, apply_filters('sgPopupTargetData'), WP_Hook->apply_filters, ConfigDataHelper::addPopupTargetData, ConfigDataHelper::getCustomPostCategories, ConfigDataHelper::getPostsAllCategories, get_terms, WP_Term_Query->query, WP_Term_Query->get_terms
[23-Mar-2023 10:34:28 UTC] PHP Warning:  mysqli_query(): (HY000/3): Error writing file 'd:\openserver\userdata\temp\MYF706.tmp' (Errcode: 28 - No space left on device) in D:\OpenServer\domains\makorrishon.loc\wp-includes\wp-db.php on line 2056
[23-Mar-2023 10:34:28 UTC] WordPress database error Error writing file 'd:\openserver\userdata\temp\MYF706.tmp' (Errcode: 28 - No space left on device) for query SELECT  t.*, tt.* FROM wp_terms AS t  INNER JOIN wp_term_taxonomy AS tt ON t.term_id = tt.term_id WHERE tt.taxonomy IN ('category', 'post_tag', 'post_format', 'writer') ORDER BY t.name ASC  made by require('wp-blog-header.php'), require_once('wp-load.php'), require_once('wp-config.php'), require_once('wp-settings.php'), do_action('init'), WP_Hook->do_action, WP_Hook->apply_filters, sgpb\Actions->postTypeInit, sgpb\RegisterPostType->__construct, SgpbDataConfig::init, SgpbDataConfig::conditionInit, apply_filters('sgPopupTargetData'), WP_Hook->apply_filters, ConfigDataHelper::addPopupTargetData, ConfigDataHelper::getCustomPostCategories, ConfigDataHelper::getPostsAllCategories, get_terms, WP_Term_Query->query, WP_Term_Query->get_terms
[23-Mar-2023 10:34:28 UTC] PHP Deprecated:  query_string is <strong>deprecated</strong> since version 2.1.0! Use query_vars, request instead. in D:\OpenServer\domains\makorrishon.loc\wp-includes\functions.php on line 5586
[23-Mar-2023 10:34:29 UTC] PHP Notice:  Trying to access array offset on value of type bool in D:\OpenServer\domains\makorrishon.loc\wp-content\themes\jnews\class\Image\ImageLazyLoad.php on line 129
[23-Mar-2023 10:34:29 UTC] PHP Notice:  Trying to access array offset on value of type bool in D:\OpenServer\domains\makorrishon.loc\wp-content\themes\jnews\class\Image\ImageLazyLoad.php on line 129
[23-Mar-2023 10:34:29 UTC] PHP Notice:  Trying to access array offset on value of type bool in D:\OpenServer\domains\makorrishon.loc\wp-content\themes\jnews\class\Image\ImageLazyLoad.php on line 134
[23-Mar-2023 10:34:29 UTC] PHP Notice:  Trying to access array offset on value of type bool in D:\OpenServer\domains\makorrishon.loc\wp-content\themes\jnews\class\Image\ImageLazyLoad.php on line 134
[23-Mar-2023 10:34:29 UTC] PHP Notice:  Trying to access array offset on value of type bool in D:\OpenServer\domains\makorrishon.loc\wp-content\themes\jnews\class\Image\ImageLazyLoad.php on line 129
[23-Mar-2023 10:34:29 UTC] PHP Notice:  Trying to access array offset on value of type bool in D:\OpenServer\domains\makorrishon.loc\wp-content\themes\jnews\class\Image\ImageLazyLoad.php on line 129
[23-Mar-2023 10:34:29 UTC] PHP Notice:  Trying to access array offset on value of type bool in D:\OpenServer\domains\makorrishon.loc\wp-content\themes\jnews\class\Image\ImageLazyLoad.php on line 129
[23-Mar-2023 10:34:29 UTC] PHP Notice:  Trying to access array offset on value of type bool in D:\OpenServer\domains\makorrishon.loc\wp-content\themes\jnews\class\Image\ImageLazyLoad.php on line 129
[23-Mar-2023 10:34:29 UTC] PHP Notice:  Trying to access array offset on value of type bool in D:\OpenServer\domains\makorrishon.loc\wp-content\themes\jnews\class\Image\ImageLazyLoad.php on line 129
[23-Mar-2023 10:34:29 UTC] PHP Notice:  Trying to access array offset on value of type bool in D:\OpenServer\domains\makorrishon.loc\wp-content\themes\jnews\class\Image\ImageLazyLoad.php on line 129
[23-Mar-2023 11:04:30 UTC] PHP Deprecated:  Methods with the same name as their class will not be constructors in a future version of PHP; WP_Categories_to_Tags has a deprecated constructor in D:\OpenServer\domains\makorrishon.loc\wp-content\plugins\wpcat2tag-importer\wpcat2tag-importer.php on line 31
[23-Mar-2023 11:04:31 UTC] PHP Warning:  mysqli_query(): (HY000/3): Error writing file 'd:\openserver\userdata\temp\MY773F.tmp' (Errcode: 28 - No space left on device) in D:\OpenServer\domains\makorrishon.loc\wp-includes\wp-db.php on line 2056
[23-Mar-2023 11:04:31 UTC] WordPress database error Error writing file 'd:\openserver\userdata\temp\MY773F.tmp' (Errcode: 28 - No space left on device) for query SELECT  t.*, tt.* FROM wp_terms AS t  INNER JOIN wp_term_taxonomy AS tt ON t.term_id = tt.term_id  ORDER BY t.name ASC  made by require('wp-blog-header.php'), require_once('wp-load.php'), require_once('wp-config.php'), require_once('wp-settings.php'), do_action('init'), WP_Hook->do_action, WP_Hook->apply_filters, sgpb\Actions->postTypeInit, sgpb\RegisterPostType->__construct, SgpbDataConfig::init, SgpbDataConfig::conditionInit, apply_filters('sgPopupTargetData'), WP_Hook->apply_filters, ConfigDataHelper::addPopupTargetData, ConfigDataHelper::getCustomPostCategories, ConfigDataHelper::getPostsAllCategories, get_terms, WP_Term_Query->query, WP_Term_Query->get_terms
[23-Mar-2023 11:04:31 UTC] PHP Warning:  mysqli_query(): (HY000/3): Error writing file 'd:\openserver\userdata\temp\MY778F.tmp' (Errcode: 28 - No space left on device) in D:\OpenServer\domains\makorrishon.loc\wp-includes\wp-db.php on line 2056
[23-Mar-2023 11:04:31 UTC] WordPress database error Error writing file 'd:\openserver\userdata\temp\MY778F.tmp' (Errcode: 28 - No space left on device) for query SELECT  t.*, tt.* FROM wp_terms AS t  INNER JOIN wp_term_taxonomy AS tt ON t.term_id = tt.term_id WHERE tt.taxonomy IN ('category', 'post_tag', 'post_format', 'writer') ORDER BY t.name ASC  made by require('wp-blog-header.php'), require_once('wp-load.php'), require_once('wp-config.php'), require_once('wp-settings.php'), do_action('init'), WP_Hook->do_action, WP_Hook->apply_filters, sgpb\Actions->postTypeInit, sgpb\RegisterPostType->__construct, SgpbDataConfig::init, SgpbDataConfig::conditionInit, apply_filters('sgPopupTargetData'), WP_Hook->apply_filters, ConfigDataHelper::addPopupTargetData, ConfigDataHelper::getCustomPostCategories, ConfigDataHelper::getPostsAllCategories, get_terms, WP_Term_Query->query, WP_Term_Query->get_terms
[23-Mar-2023 11:04:31 UTC] PHP Deprecated:  query_string is <strong>deprecated</strong> since version 2.1.0! Use query_vars, request instead. in D:\OpenServer\domains\makorrishon.loc\wp-includes\functions.php on line 5586
[23-Mar-2023 11:04:31 UTC] PHP Notice:  Trying to access array offset on value of type bool in D:\OpenServer\domains\makorrishon.loc\wp-content\themes\jnews\class\Image\ImageLazyLoad.php on line 129
[23-Mar-2023 11:04:31 UTC] PHP Notice:  Trying to access array offset on value of type bool in D:\OpenServer\domains\makorrishon.loc\wp-content\themes\jnews\class\Image\ImageLazyLoad.php on line 129
[23-Mar-2023 11:04:31 UTC] PHP Notice:  Trying to access array offset on value of type bool in D:\OpenServer\domains\makorrishon.loc\wp-content\themes\jnews\class\Image\ImageLazyLoad.php on line 134
[23-Mar-2023 11:04:31 UTC] PHP Notice:  Trying to access array offset on value of type bool in D:\OpenServer\domains\makorrishon.loc\wp-content\themes\jnews\class\Image\ImageLazyLoad.php on line 134
[23-Mar-2023 11:04:31 UTC] PHP Notice:  Trying to access array offset on value of type bool in D:\OpenServer\domains\makorrishon.loc\wp-content\themes\jnews\class\Image\ImageLazyLoad.php on line 129
[23-Mar-2023 11:04:31 UTC] PHP Notice:  Trying to access array offset on value of type bool in D:\OpenServer\domains\makorrishon.loc\wp-content\themes\jnews\class\Image\ImageLazyLoad.php on line 129
[23-Mar-2023 11:04:31 UTC] PHP Notice:  Trying to access array offset on value of type bool in D:\OpenServer\domains\makorrishon.loc\wp-content\themes\jnews\class\Image\ImageLazyLoad.php on line 129
[23-Mar-2023 11:04:31 UTC] PHP Notice:  Trying to access array offset on value of type bool in D:\OpenServer\domains\makorrishon.loc\wp-content\themes\jnews\class\Image\ImageLazyLoad.php on line 129
[23-Mar-2023 11:04:31 UTC] PHP Notice:  Trying to access array offset on value of type bool in D:\OpenServer\domains\makorrishon.loc\wp-content\themes\jnews\class\Image\ImageLazyLoad.php on line 129
[23-Mar-2023 11:04:31 UTC] PHP Notice:  Trying to access array offset on value of type bool in D:\OpenServer\domains\makorrishon.loc\wp-content\themes\jnews\class\Image\ImageLazyLoad.php on line 129
[23-Mar-2023 11:34:32 UTC] PHP Deprecated:  Methods with the same name as their class will not be constructors in a future version of PHP; WP_Categories_to_Tags has a deprecated constructor in D:\OpenServer\domains\makorrishon.loc\wp-content\plugins\wpcat2tag-importer\wpcat2tag-importer.php on line 31
[23-Mar-2023 11:34:33 UTC] PHP Warning:  mysqli_query(): (HY000/3): Error writing file 'd:\openserver\userdata\temp\MYF661.tmp' (Errcode: 28 - No space left on device) in D:\OpenServer\domains\makorrishon.loc\wp-includes\wp-db.php on line 2056
[23-Mar-2023 11:34:33 UTC] WordPress database error Error writing file 'd:\openserver\userdata\temp\MYF661.tmp' (Errcode: 28 - No space left on device) for query SELECT  t.*, tt.* FROM wp_terms AS t  INNER JOIN wp_term_taxonomy AS tt ON t.term_id = tt.term_id  ORDER BY t.name ASC  made by require('wp-blog-header.php'), require_once('wp-load.php'), require_once('wp-config.php'), require_once('wp-settings.php'), do_action('init'), WP_Hook->do_action, WP_Hook->apply_filters, sgpb\Actions->postTypeInit, sgpb\RegisterPostType->__construct, SgpbDataConfig::init, SgpbDataConfig::conditionInit, apply_filters('sgPopupTargetData'), WP_Hook->apply_filters, ConfigDataHelper::addPopupTargetData, ConfigDataHelper::getCustomPostCategories, ConfigDataHelper::getPostsAllCategories, get_terms, WP_Term_Query->query, WP_Term_Query->get_terms
[23-Mar-2023 11:34:33 UTC] PHP Warning:  mysqli_query(): (HY000/3): Error writing file 'd:\openserver\userdata\temp\MYF6A1.tmp' (Errcode: 28 - No space left on device) in D:\OpenServer\domains\makorrishon.loc\wp-includes\wp-db.php on line 2056
[23-Mar-2023 11:34:33 UTC] WordPress database error Error writing file 'd:\openserver\userdata\temp\MYF6A1.tmp' (Errcode: 28 - No space left on device) for query SELECT  t.*, tt.* FROM wp_terms AS t  INNER JOIN wp_term_taxonomy AS tt ON t.term_id = tt.term_id WHERE tt.taxonomy IN ('category', 'post_tag', 'post_format', 'writer') ORDER BY t.name ASC  made by require('wp-blog-header.php'), require_once('wp-load.php'), require_once('wp-config.php'), require_once('wp-settings.php'), do_action('init'), WP_Hook->do_action, WP_Hook->apply_filters, sgpb\Actions->postTypeInit, sgpb\RegisterPostType->__construct, SgpbDataConfig::init, SgpbDataConfig::conditionInit, apply_filters('sgPopupTargetData'), WP_Hook->apply_filters, ConfigDataHelper::addPopupTargetData, ConfigDataHelper::getCustomPostCategories, ConfigDataHelper::getPostsAllCategories, get_terms, WP_Term_Query->query, WP_Term_Query->get_terms
[23-Mar-2023 11:34:33 UTC] PHP Deprecated:  query_string is <strong>deprecated</strong> since version 2.1.0! Use query_vars, request instead. in D:\OpenServer\domains\makorrishon.loc\wp-includes\functions.php on line 5586
[23-Mar-2023 11:34:33 UTC] PHP Notice:  Trying to access array offset on value of type bool in D:\OpenServer\domains\makorrishon.loc\wp-content\themes\jnews\class\Image\ImageLazyLoad.php on line 129
[23-Mar-2023 11:34:33 UTC] PHP Notice:  Trying to access array offset on value of type bool in D:\OpenServer\domains\makorrishon.loc\wp-content\themes\jnews\class\Image\ImageLazyLoad.php on line 129
[23-Mar-2023 11:34:33 UTC] PHP Notice:  Trying to access array offset on value of type bool in D:\OpenServer\domains\makorrishon.loc\wp-content\themes\jnews\class\Image\ImageLazyLoad.php on line 134
[23-Mar-2023 11:34:33 UTC] PHP Notice:  Trying to access array offset on value of type bool in D:\OpenServer\domains\makorrishon.loc\wp-content\themes\jnews\class\Image\ImageLazyLoad.php on line 134
[23-Mar-2023 11:34:33 UTC] PHP Notice:  Trying to access array offset on value of type bool in D:\OpenServer\domains\makorrishon.loc\wp-content\themes\jnews\class\Image\ImageLazyLoad.php on line 129
[23-Mar-2023 11:34:33 UTC] PHP Notice:  Trying to access array offset on value of type bool in D:\OpenServer\domains\makorrishon.loc\wp-content\themes\jnews\class\Image\ImageLazyLoad.php on line 129
[23-Mar-2023 11:34:33 UTC] PHP Notice:  Trying to access array offset on value of type bool in D:\OpenServer\domains\makorrishon.loc\wp-content\themes\jnews\class\Image\ImageLazyLoad.php on line 129
[23-Mar-2023 11:34:33 UTC] PHP Notice:  Trying to access array offset on value of type bool in D:\OpenServer\domains\makorrishon.loc\wp-content\themes\jnews\class\Image\ImageLazyLoad.php on line 129
[23-Mar-2023 11:34:33 UTC] PHP Notice:  Trying to access array offset on value of type bool in D:\OpenServer\domains\makorrishon.loc\wp-content\themes\jnews\class\Image\ImageLazyLoad.php on line 129
[23-Mar-2023 11:34:33 UTC] PHP Notice:  Trying to access array offset on value of type bool in D:\OpenServer\domains\makorrishon.loc\wp-content\themes\jnews\class\Image\ImageLazyLoad.php on line 129
[23-Mar-2023 11:41:18 UTC] PHP Deprecated:  Methods with the same name as their class will not be constructors in a future version of PHP; WP_Categories_to_Tags has a deprecated constructor in D:\OpenServer\domains\makorrishon.loc\wp-content\plugins\wpcat2tag-importer\wpcat2tag-importer.php on line 31
[23-Mar-2023 11:41:18 UTC] PHP Warning:  mysqli_query(): (HY000/3): Error writing file 'd:\openserver\userdata\temp\MY26BD.tmp' (Errcode: 28 - No space left on device) in D:\OpenServer\domains\makorrishon.loc\wp-includes\wp-db.php on line 2056
[23-Mar-2023 11:41:18 UTC] WordPress database error Error writing file 'd:\openserver\userdata\temp\MY26BD.tmp' (Errcode: 28 - No space left on device) for query SELECT  t.*, tt.* FROM wp_terms AS t  INNER JOIN wp_term_taxonomy AS tt ON t.term_id = tt.term_id  ORDER BY t.name ASC  made by require('wp-blog-header.php'), require_once('wp-load.php'), require_once('wp-config.php'), require_once('wp-settings.php'), do_action('init'), WP_Hook->do_action, WP_Hook->apply_filters, sgpb\Actions->postTypeInit, sgpb\RegisterPostType->__construct, SgpbDataConfig::init, SgpbDataConfig::conditionInit, apply_filters('sgPopupTargetData'), WP_Hook->apply_filters, ConfigDataHelper::addPopupTargetData, ConfigDataHelper::getCustomPostCategories, ConfigDataHelper::getPostsAllCategories, get_terms, WP_Term_Query->query, WP_Term_Query->get_terms
[23-Mar-2023 11:41:19 UTC] PHP Warning:  mysqli_query(): (HY000/3): Error writing file 'd:\openserver\userdata\temp\MY270C.tmp' (Errcode: 28 - No space left on device) in D:\OpenServer\domains\makorrishon.loc\wp-includes\wp-db.php on line 2056
[23-Mar-2023 11:41:19 UTC] WordPress database error Error writing file 'd:\openserver\userdata\temp\MY270C.tmp' (Errcode: 28 - No space left on device) for query SELECT  t.*, tt.* FROM wp_terms AS t  INNER JOIN wp_term_taxonomy AS tt ON t.term_id = tt.term_id WHERE tt.taxonomy IN ('category', 'post_tag', 'post_format', 'writer') ORDER BY t.name ASC  made by require('wp-blog-header.php'), require_once('wp-load.php'), require_once('wp-config.php'), require_once('wp-settings.php'), do_action('init'), WP_Hook->do_action, WP_Hook->apply_filters, sgpb\Actions->postTypeInit, sgpb\RegisterPostType->__construct, SgpbDataConfig::init, SgpbDataConfig::conditionInit, apply_filters('sgPopupTargetData'), WP_Hook->apply_filters, ConfigDataHelper::addPopupTargetData, ConfigDataHelper::getCustomPostCategories, ConfigDataHelper::getPostsAllCategories, get_terms, WP_Term_Query->query, WP_Term_Query->get_terms
[23-Mar-2023 11:41:19 UTC] PHP Deprecated:  query_string is <strong>deprecated</strong> since version 2.1.0! Use query_vars, request instead. in D:\OpenServer\domains\makorrishon.loc\wp-includes\functions.php on line 5586
[23-Mar-2023 11:41:19 UTC] PHP Notice:  Trying to access array offset on value of type bool in D:\OpenServer\domains\makorrishon.loc\wp-content\themes\jnews\class\Image\ImageLazyLoad.php on line 129
[23-Mar-2023 11:41:19 UTC] PHP Notice:  Trying to access array offset on value of type bool in D:\OpenServer\domains\makorrishon.loc\wp-content\themes\jnews\class\Image\ImageLazyLoad.php on line 129
[23-Mar-2023 11:41:19 UTC] PHP Notice:  Trying to access array offset on value of type bool in D:\OpenServer\domains\makorrishon.loc\wp-content\themes\jnews\class\Image\ImageLazyLoad.php on line 134
[23-Mar-2023 11:41:19 UTC] PHP Notice:  Trying to access array offset on value of type bool in D:\OpenServer\domains\makorrishon.loc\wp-content\themes\jnews\class\Image\ImageLazyLoad.php on line 134
[23-Mar-2023 11:41:19 UTC] PHP Notice:  Trying to access array offset on value of type bool in D:\OpenServer\domains\makorrishon.loc\wp-content\themes\jnews\class\Image\ImageLazyLoad.php on line 129
[23-Mar-2023 11:41:19 UTC] PHP Notice:  Trying to access array offset on value of type bool in D:\OpenServer\domains\makorrishon.loc\wp-content\themes\jnews\class\Image\ImageLazyLoad.php on line 129
[23-Mar-2023 11:41:19 UTC] PHP Notice:  Trying to access array offset on value of type bool in D:\OpenServer\domains\makorrishon.loc\wp-content\themes\jnews\class\Image\ImageLazyLoad.php on line 129
[23-Mar-2023 11:41:19 UTC] PHP Notice:  Trying to access array offset on value of type bool in D:\OpenServer\domains\makorrishon.loc\wp-content\themes\jnews\class\Image\ImageLazyLoad.php on line 129
[23-Mar-2023 11:41:19 UTC] PHP Notice:  Trying to access array offset on value of type bool in D:\OpenServer\domains\makorrishon.loc\wp-content\themes\jnews\class\Image\ImageLazyLoad.php on line 129
[23-Mar-2023 11:41:19 UTC] PHP Notice:  Trying to access array offset on value of type bool in D:\OpenServer\domains\makorrishon.loc\wp-content\themes\jnews\class\Image\ImageLazyLoad.php on line 129
[23-Mar-2023 12:04:34 UTC] PHP Deprecated:  Methods with the same name as their class will not be constructors in a future version of PHP; WP_Categories_to_Tags has a deprecated constructor in D:\OpenServer\domains\makorrishon.loc\wp-content\plugins\wpcat2tag-importer\wpcat2tag-importer.php on line 31
[23-Mar-2023 12:04:35 UTC] PHP Deprecated:  query_string is <strong>deprecated</strong> since version 2.1.0! Use query_vars, request instead. in D:\OpenServer\domains\makorrishon.loc\wp-includes\functions.php on line 5586
[23-Mar-2023 12:04:36 UTC] PHP Notice:  Trying to access array offset on value of type bool in D:\OpenServer\domains\makorrishon.loc\wp-content\themes\jnews\class\Image\ImageLazyLoad.php on line 129
[23-Mar-2023 12:04:36 UTC] PHP Notice:  Trying to access array offset on value of type bool in D:\OpenServer\domains\makorrishon.loc\wp-content\themes\jnews\class\Image\ImageLazyLoad.php on line 129
[23-Mar-2023 12:04:36 UTC] PHP Notice:  Trying to access array offset on value of type bool in D:\OpenServer\domains\makorrishon.loc\wp-content\themes\jnews\class\Image\ImageLazyLoad.php on line 134
[23-Mar-2023 12:04:36 UTC] PHP Notice:  Trying to access array offset on value of type bool in D:\OpenServer\domains\makorrishon.loc\wp-content\themes\jnews\class\Image\ImageLazyLoad.php on line 134
[23-Mar-2023 12:04:36 UTC] PHP Notice:  Trying to access array offset on value of type bool in D:\OpenServer\domains\makorrishon.loc\wp-content\themes\jnews\class\Image\ImageLazyLoad.php on line 129
[23-Mar-2023 12:04:36 UTC] PHP Notice:  Trying to access array offset on value of type bool in D:\OpenServer\domains\makorrishon.loc\wp-content\themes\jnews\class\Image\ImageLazyLoad.php on line 129
[23-Mar-2023 12:04:36 UTC] PHP Notice:  Trying to access array offset on value of type bool in D:\OpenServer\domains\makorrishon.loc\wp-content\themes\jnews\class\Image\ImageLazyLoad.php on line 129
[23-Mar-2023 12:04:36 UTC] PHP Notice:  Trying to access array offset on value of type bool in D:\OpenServer\domains\makorrishon.loc\wp-content\themes\jnews\class\Image\ImageLazyLoad.php on line 129
[23-Mar-2023 12:04:36 UTC] PHP Notice:  Trying to access array offset on value of type bool in D:\OpenServer\domains\makorrishon.loc\wp-content\themes\jnews\class\Image\ImageLazyLoad.php on line 129
[23-Mar-2023 12:04:36 UTC] PHP Notice:  Trying to access array offset on value of type bool in D:\OpenServer\domains\makorrishon.loc\wp-content\themes\jnews\class\Image\ImageLazyLoad.php on line 129
[23-Mar-2023 12:34:45 UTC] PHP Deprecated:  Methods with the same name as their class will not be constructors in a future version of PHP; WP_Categories_to_Tags has a deprecated constructor in D:\OpenServer\domains\makorrishon.loc\wp-content\plugins\wpcat2tag-importer\wpcat2tag-importer.php on line 31
[23-Mar-2023 12:35:01 UTC] PHP Deprecated:  query_string is <strong>deprecated</strong> since version 2.1.0! Use query_vars, request instead. in D:\OpenServer\domains\makorrishon.loc\wp-includes\functions.php on line 5586
[23-Mar-2023 12:35:04 UTC] PHP Notice:  Trying to access array offset on value of type bool in D:\OpenServer\domains\makorrishon.loc\wp-content\themes\jnews\class\Image\ImageLazyLoad.php on line 129
[23-Mar-2023 12:35:04 UTC] PHP Notice:  Trying to access array offset on value of type bool in D:\OpenServer\domains\makorrishon.loc\wp-content\themes\jnews\class\Image\ImageLazyLoad.php on line 129
[23-Mar-2023 12:35:04 UTC] PHP Notice:  Trying to access array offset on value of type bool in D:\OpenServer\domains\makorrishon.loc\wp-content\themes\jnews\class\Image\ImageLazyLoad.php on line 134
[23-Mar-2023 12:35:04 UTC] PHP Notice:  Trying to access array offset on value of type bool in D:\OpenServer\domains\makorrishon.loc\wp-content\themes\jnews\class\Image\ImageLazyLoad.php on line 134
[23-Mar-2023 12:35:04 UTC] PHP Notice:  Trying to access array offset on value of type bool in D:\OpenServer\domains\makorrishon.loc\wp-content\themes\jnews\class\Image\ImageLazyLoad.php on line 129
[23-Mar-2023 12:35:04 UTC] PHP Notice:  Trying to access array offset on value of type bool in D:\OpenServer\domains\makorrishon.loc\wp-content\themes\jnews\class\Image\ImageLazyLoad.php on line 129
[23-Mar-2023 12:35:04 UTC] PHP Notice:  Trying to access array offset on value of type bool in D:\OpenServer\domains\makorrishon.loc\wp-content\themes\jnews\class\Image\ImageLazyLoad.php on line 129
[23-Mar-2023 12:35:04 UTC] PHP Notice:  Trying to access array offset on value of type bool in D:\OpenServer\domains\makorrishon.loc\wp-content\themes\jnews\class\Image\ImageLazyLoad.php on line 129
[23-Mar-2023 12:35:04 UTC] PHP Notice:  Trying to access array offset on value of type bool in D:\OpenServer\domains\makorrishon.loc\wp-content\themes\jnews\class\Image\ImageLazyLoad.php on line 129
[23-Mar-2023 12:35:04 UTC] PHP Notice:  Trying to access array offset on value of type bool in D:\OpenServer\domains\makorrishon.loc\wp-content\themes\jnews\class\Image\ImageLazyLoad.php on line 129
[23-Mar-2023 13:03:54 UTC] PHP Deprecated:  Methods with the same name as their class will not be constructors in a future version of PHP; WP_Categories_to_Tags has a deprecated constructor in D:\OpenServer\domains\makorrishon.loc\wp-content\plugins\wpcat2tag-importer\wpcat2tag-importer.php on line 31
[23-Mar-2023 13:04:09 UTC] PHP Deprecated:  query_string is <strong>deprecated</strong> since version 2.1.0! Use query_vars, request instead. in D:\OpenServer\domains\makorrishon.loc\wp-includes\functions.php on line 5586
[23-Mar-2023 13:04:12 UTC] PHP Notice:  Trying to access array offset on value of type bool in D:\OpenServer\domains\makorrishon.loc\wp-content\themes\jnews\class\Image\ImageLazyLoad.php on line 129
[23-Mar-2023 13:04:12 UTC] PHP Notice:  Trying to access array offset on value of type bool in D:\OpenServer\domains\makorrishon.loc\wp-content\themes\jnews\class\Image\ImageLazyLoad.php on line 129
[23-Mar-2023 13:04:12 UTC] PHP Notice:  Trying to access array offset on value of type bool in D:\OpenServer\domains\makorrishon.loc\wp-content\themes\jnews\class\Image\ImageLazyLoad.php on line 134
[23-Mar-2023 13:04:12 UTC] PHP Notice:  Trying to access array offset on value of type bool in D:\OpenServer\domains\makorrishon.loc\wp-content\themes\jnews\class\Image\ImageLazyLoad.php on line 134
[23-Mar-2023 13:04:12 UTC] PHP Notice:  Trying to access array offset on value of type bool in D:\OpenServer\domains\makorrishon.loc\wp-content\themes\jnews\class\Image\ImageLazyLoad.php on line 129
[23-Mar-2023 13:04:12 UTC] PHP Notice:  Trying to access array offset on value of type bool in D:\OpenServer\domains\makorrishon.loc\wp-content\themes\jnews\class\Image\ImageLazyLoad.php on line 129
[23-Mar-2023 13:04:12 UTC] PHP Notice:  Trying to access array offset on value of type bool in D:\OpenServer\domains\makorrishon.loc\wp-content\themes\jnews\class\Image\ImageLazyLoad.php on line 129
[23-Mar-2023 13:04:12 UTC] PHP Notice:  Trying to access array offset on value of type bool in D:\OpenServer\domains\makorrishon.loc\wp-content\themes\jnews\class\Image\ImageLazyLoad.php on line 129
[23-Mar-2023 13:04:12 UTC] PHP Notice:  Trying to access array offset on value of type bool in D:\OpenServer\domains\makorrishon.loc\wp-content\themes\jnews\class\Image\ImageLazyLoad.php on line 129
[23-Mar-2023 13:04:12 UTC] PHP Notice:  Trying to access array offset on value of type bool in D:\OpenServer\domains\makorrishon.loc\wp-content\themes\jnews\class\Image\ImageLazyLoad.php on line 129
